=== 0 ===
{s: ;p,l.r;l,pg ,;r.g], ss: mnaoek}
{s: , ss: }
{s: ;p,l.r;l,pg ,;r.g], ss: mnaoek}
=== 1 ===
{s: ;p,l.r;l,pg ,;r.g], ss: php}
{s: , ss: }
{s: ;p,l.r;l,pg ,;r.g], ss: php}
=== 2 ===
{s: ;p,l.r;l,pg ,;r.g], ss: csdnrqxh}
{s: , ss: }
{s: ;p,l.r;l,pg ,;r.g], ss: csdnrqxh}
=== 3 ===
{s: ;p,l.r;l,pg ,;r.g], ss: yse}
{s: , ss: }
{s: ;p,l.r;l,pg ,;r.g], ss: yse}
=== 4 ===
{s: ;p,l.r;l,pg ,;r.g], ss: eweuumob}
null
{s: ;p,l.r;l,pg ,;r.g], ss: eweuumob}
=== 5 ===
{s: ;p,l.r;l,pg ,;r.g], ss: }
null
{s: ;p,l.r;l,pg ,;r.g], ss: }
=== 6 ===
{s: ;p,l.r;l,pg ,;r.g], ss: gp}
{s: , ss: }
{s: ;p,l.r;l,pg ,;r.g], ss: gp}
=== 7 ===
{s: ;p,l.r;l,pg ,;r.g], ss: atywbmxs}
null
{s: ;p,l.r;l,pg ,;r.g], ss: atywbmxs}
=== 8 ===
{s: ;p,l.r;l,pg ,;r.g], ss: vhwm}
{s: , ss: }
{s: ;p,l.r;l,pg ,;r.g], ss: vhwm}
=== 9 ===
{s: ;p,l.r;l,pg ,;r.g], ss: sgf}
{s: , ss: }
{s: ;p,l.r;l,pg ,;r.g], ss: sgf}
=== 10 ===
{s: ;p,l.r;l,pg ,;r.g], ss: b}
{s: , ss: }
{s: ;p,l.r;l,pg ,;r.g], ss: b}
=== 11 ===
{s: ;p,l.r;l,pg ,;r.g], ss: zm}
null
{s: ;p,l.r;l,pg ,;r.g], ss: zm}
=== 12 ===
{s: ;p,l.r;l,pg ,;r.g], ss: l}
null
{s: ;p,l.r;l,pg ,;r.g], ss: l}
=== 13 ===
{s: ;p,l.r;l,pg ,;r.g], ss: x}
{s: , ss: }
{s: ;p,l.r;l,pg ,;r.g], ss: x}
=== 14 ===
{s: ;p,l.r;l,pg ,;r.g], ss: g}
null
{s: ;p,l.r;l,pg ,;r.g], ss: g}
=== 15 ===
{s: ;p,l.r;l,pg ,;r.g], ss: um}
{s: , ss: }
{s: ;p,l.r;l,pg ,;r.g], ss: um}
=== 16 ===
{s: ;p,l.r;l,pg ,;r.g], ss: fzrrcl}
{s: , ss: }
{s: ;p,l.r;l,pg ,;r.g], ss: fzrrcl}
=== 17 ===
{s: ;p,l.r;l,pg ,;r.g], ss: mh}
null
{s: ;p,l.r;l,pg ,;r.g], ss: mh}
=== 18 ===
{s: ;p,l.r;l,pg ,;r.g], ss: qfqcvtux}
{s: , ss: }
{s: ;p,l.r;l,pg ,;r.g], ss: qfqcvtux}
=== 19 ===
{s: ;p,l.r;l,pg ,;r.g], ss: muxbt}
null
{s: ;p,l.r;l,pg ,;r.g], ss: muxbt}
=== 20 ===
{s: ;p,l.r;l,pg ,;r.g], ss: scbser}
{s: , ss: }
{s: ;p,l.r;l,pg ,;r.g], ss: scbser}
=== 21 ===
{s: ;p,l.r;l,pg ,;r.g], ss: bws}
{s: , ss: }
{s: ;p,l.r;l,pg ,;r.g], ss: bws}
=== 22 ===
{s: ;p,l.r;l,pg ,;r.g], ss: tdqi}
{s: , ss: }
{s: ;p,l.r;l,pg ,;r.g], ss: tdqi}
=== 23 ===
{s: ;p,l.r;l,pg ,;r.g], ss: a}
null
{s: ;p,l.r;l,pg ,;r.g], ss: a}
=== 24 ===
{s: ;p,l.r;l,pg ,;r.g], ss: mjsxxh}
{s: , ss: }
{s: ;p,l.r;l,pg ,;r.g], ss: mjsxxh}
=== 25 ===
{s: ;p,l.r;l,pg ,;r.g], ss: }
{s: , ss: }
{s: ;p,l.r;l,pg ,;r.g], ss: }
=== 26 ===
{s: ;p,l.r;l,pg ,;r.g], ss: np}
null
{s: ;p,l.r;l,pg ,;r.g], ss: np}
=== 27 ===
{s: ;p,l.r;l,pg ,;r.g], ss: aro}
{s: , ss: }
{s: ;p,l.r;l,pg ,;r.g], ss: aro}
=== 28 ===
{s: ;p,l.r;l,pg ,;r.g], ss: vi}
null
{s: ;p,l.r;l,pg ,;r.g], ss: vi}
=== 29 ===
{s: ;p,l.r;l,pg ,;r.g], ss: }
{s: , ss: }
{s: ;p,l.r;l,pg ,;r.g], ss: }
=== 30 ===
{s: ;p,l.r;l,pg ,;r.g], ss: eeui}
null
{s: ;p,l.r;l,pg ,;r.g], ss: eeui}
=== 31 ===
{s: ;p,l.r;l,pg ,;r.g], ss: re}
{s: , ss: }
{s: ;p,l.r;l,pg ,;r.g], ss: re}
=== 32 ===
{s: ;p,l.r;l,pg ,;r.g], ss: xo}
null
{s: ;p,l.r;l,pg ,;r.g], ss: xo}
=== 33 ===
{s: ;p,l.r;l,pg ,;r.g], ss: vt}
{s: , ss: }
{s: ;p,l.r;l,pg ,;r.g], ss: vt}
=== 34 ===
{s: ;p,l.r;l,pg ,;r.g], ss: eungvxi}
null
{s: ;p,l.r;l,pg ,;r.g], ss: eungvxi}
