=== 0 ===

atoh  tohe os
=== 1 ===
rshe
atoh  tohe os
=== 2 ===
ppl
atoh  tohe os
=== 3 ===
gl
atoh  tohe os
=== 4 ===
kef
atoh  tohe os
=== 5 ===
i
atoh  tohe os
=== 6 ===
cvs
atoh  tohe os
=== 7 ===
xgk
atoh  tohe os
=== 8 ===

atoh  tohe os
=== 9 ===
fpl
atoh  tohe os
=== 10 ===
u
atoh  tohe os
=== 11 ===
y
atoh  tohe os
=== 12 ===
cc
atoh  tohe os
=== 13 ===
dxebpqa
atoh  tohe os
=== 14 ===
dj
atoh  tohe os
=== 15 ===

atoh  tohe os
=== 16 ===

atoh  tohe os
=== 17 ===
vt
atoh  tohe os
=== 18 ===
sxyzfi
atoh  tohe os
=== 19 ===
fojr
atoh  tohe os
=== 20 ===
hplypjbt
atoh  tohe os
=== 21 ===
scqjrrc
atoh  tohe os
=== 22 ===

atoh  tohe os
=== 23 ===
frlygrc
atoh  tohe os
=== 24 ===
cbzthcdx
atoh  tohe os
=== 25 ===
isecq
atoh  tohe os
=== 26 ===
ws
atoh  tohe os
=== 27 ===
b
atoh  tohe os
=== 28 ===
gkgtxjet
atoh  tohe os
=== 29 ===
bjtrron
atoh  tohe os
=== 30 ===
zkprc
atoh  tohe os
=== 31 ===

atoh  tohe os
=== 32 ===
bc
atoh  tohe os
=== 33 ===
bmrgxn
atoh  tohe os
=== 34 ===
psrfly
atoh  tohe os
