=== 0 ===
{s: ;p,l.r;l,pg ,;r.g], ss: db}
{s: , ss: }
{s: ;p,l.r;l,pg ,;r.g], ss: db}
=== 1 ===
{s: ;p,l.r;l,pg ,;r.g], ss: izlmbg}
{s: , ss: }
{s: ;p,l.r;l,pg ,;r.g], ss: izlmbg}
=== 2 ===
{s: ;p,l.r;l,pg ,;r.g], ss: vi}
null
{s: ;p,l.r;l,pg ,;r.g], ss: vi}
=== 3 ===
{s: ;p,l.r;l,pg ,;r.g], ss: mi}
{s: , ss: }
{s: ;p,l.r;l,pg ,;r.g], ss: mi}
=== 4 ===
{s: ;p,l.r;l,pg ,;r.g], ss: uqfbyzub}
null
{s: ;p,l.r;l,pg ,;r.g], ss: uqfbyzub}
=== 5 ===
{s: ;p,l.r;l,pg ,;r.g], ss: tkkyvqor}
null
{s: ;p,l.r;l,pg ,;r.g], ss: tkkyvqor}
=== 6 ===
{s: ;p,l.r;l,pg ,;r.g], ss: uk}
{s: , ss: }
{s: ;p,l.r;l,pg ,;r.g], ss: uk}
=== 7 ===
{s: ;p,l.r;l,pg ,;r.g], ss: l}
{s: , ss: }
{s: ;p,l.r;l,pg ,;r.g], ss: l}
=== 8 ===
{s: ;p,l.r;l,pg ,;r.g], ss: j}
null
{s: ;p,l.r;l,pg ,;r.g], ss: j}
=== 9 ===
{s: ;p,l.r;l,pg ,;r.g], ss: oafgutb}
{s: , ss: }
{s: ;p,l.r;l,pg ,;r.g], ss: oafgutb}
=== 10 ===
{s: ;p,l.r;l,pg ,;r.g], ss: }
null
{s: ;p,l.r;l,pg ,;r.g], ss: }
=== 11 ===
{s: ;p,l.r;l,pg ,;r.g], ss: g}
null
{s: ;p,l.r;l,pg ,;r.g], ss: g}
=== 12 ===
{s: ;p,l.r;l,pg ,;r.g], ss: ozaeeaqm}
null
{s: ;p,l.r;l,pg ,;r.g], ss: ozaeeaqm}
=== 13 ===
{s: ;p,l.r;l,pg ,;r.g], ss: dqcznwkz}
{s: , ss: }
{s: ;p,l.r;l,pg ,;r.g], ss: dqcznwkz}
=== 14 ===
{s: ;p,l.r;l,pg ,;r.g], ss: }
{s: , ss: }
{s: ;p,l.r;l,pg ,;r.g], ss: }
=== 15 ===
{s: ;p,l.r;l,pg ,;r.g], ss: vioi}
null
{s: ;p,l.r;l,pg ,;r.g], ss: vioi}
=== 16 ===
{s: ;p,l.r;l,pg ,;r.g], ss: u}
{s: , ss: }
{s: ;p,l.r;l,pg ,;r.g], ss: u}
=== 17 ===
{s: ;p,l.r;l,pg ,;r.g], ss: vvgro}
{s: , ss: }
{s: ;p,l.r;l,pg ,;r.g], ss: vvgro}
=== 18 ===
{s: ;p,l.r;l,pg ,;r.g], ss: vxhyc}
{s: , ss: }
{s: ;p,l.r;l,pg ,;r.g], ss: vxhyc}
=== 19 ===
{s: ;p,l.r;l,pg ,;r.g], ss: zci}
{s: , ss: }
{s: ;p,l.r;l,pg ,;r.g], ss: zci}
=== 20 ===
{s: ;p,l.r;l,pg ,;r.g], ss: juus}
{s: , ss: }
{s: ;p,l.r;l,pg ,;r.g], ss: juus}
=== 21 ===
{s: ;p,l.r;l,pg ,;r.g], ss: fztgyinw}
null
{s: ;p,l.r;l,pg ,;r.g], ss: fztgyinw}
=== 22 ===
{s: ;p,l.r;l,pg ,;r.g], ss: ji}
{s: , ss: }
{s: ;p,l.r;l,pg ,;r.g], ss: ji}
=== 23 ===
{s: ;p,l.r;l,pg ,;r.g], ss: sjnh}
null
{s: ;p,l.r;l,pg ,;r.g], ss: sjnh}
=== 24 ===
{s: ;p,l.r;l,pg ,;r.g], ss: thiuug}
null
{s: ;p,l.r;l,pg ,;r.g], ss: thiuug}
=== 25 ===
{s: ;p,l.r;l,pg ,;r.g], ss: j}
null
{s: ;p,l.r;l,pg ,;r.g], ss: j}
=== 26 ===
{s: ;p,l.r;l,pg ,;r.g], ss: yl}
null
{s: ;p,l.r;l,pg ,;r.g], ss: yl}
=== 27 ===
{s: ;p,l.r;l,pg ,;r.g], ss: webkbkmx}
null
{s: ;p,l.r;l,pg ,;r.g], ss: webkbkmx}
=== 28 ===
{s: ;p,l.r;l,pg ,;r.g], ss: kxjnydd}
null
{s: ;p,l.r;l,pg ,;r.g], ss: kxjnydd}
=== 29 ===
{s: ;p,l.r;l,pg ,;r.g], ss: bgietknq}
null
{s: ;p,l.r;l,pg ,;r.g], ss: bgietknq}
=== 30 ===
{s: ;p,l.r;l,pg ,;r.g], ss: jufvvpol}
null
{s: ;p,l.r;l,pg ,;r.g], ss: jufvvpol}
=== 31 ===
{s: ;p,l.r;l,pg ,;r.g], ss: whzax}
null
{s: ;p,l.r;l,pg ,;r.g], ss: whzax}
=== 32 ===
{s: ;p,l.r;l,pg ,;r.g], ss: qxk}
null
{s: ;p,l.r;l,pg ,;r.g], ss: qxk}
=== 33 ===
{s: ;p,l.r;l,pg ,;r.g], ss: rn}
null
{s: ;p,l.r;l,pg ,;r.g], ss: rn}
=== 34 ===
{s: ;p,l.r;l,pg ,;r.g], ss: n}
{s: , ss: }
{s: ;p,l.r;l,pg ,;r.g], ss: n}
