=== 0 ===
["", ";p,l.r;l,pg ,;r.g]", "twcvz", ""]
null
["", ";p,l.r;l,pg ,;r.g]", "twcvz", ""]
=== 1 ===
["", ";p,l.r;l,pg ,;r.g]", "vmf", ""]
null
["", ";p,l.r;l,pg ,;r.g]", "vmf", ""]
=== 2 ===
["", ";p,l.r;l,pg ,;r.g]", "xtvjf", ""]
null
["", ";p,l.r;l,pg ,;r.g]", "xtvjf", ""]
=== 3 ===
["", ";p,l.r;l,pg ,;r.g]", "upd", ""]
null
["", ";p,l.r;l,pg ,;r.g]", "upd", ""]
=== 4 ===
["", ";p,l.r;l,pg ,;r.g]", "jsn", ""]
["", "", ""]
["", ";p,l.r;l,pg ,;r.g]", "jsn", ""]
=== 5 ===
["", ";p,l.r;l,pg ,;r.g]", "h", ""]
null
["", ";p,l.r;l,pg ,;r.g]", "h", ""]
=== 6 ===
["", ";p,l.r;l,pg ,;r.g]", "whgrjna", ""]
null
["", ";p,l.r;l,pg ,;r.g]", "whgrjna", ""]
=== 7 ===
["", ";p,l.r;l,pg ,;r.g]", "lcrzoqiz", ""]
null
["", ";p,l.r;l,pg ,;r.g]", "lcrzoqiz", ""]
=== 8 ===
["", ";p,l.r;l,pg ,;r.g]", "auqwpq", ""]
["", "", ""]
["", ";p,l.r;l,pg ,;r.g]", "auqwpq", ""]
=== 9 ===
["", ";p,l.r;l,pg ,;r.g]", "lsddezex", ""]
["", ""]
["", ";p,l.r;l,pg ,;r.g]", "lsddezex", ""]
=== 10 ===
["", ";p,l.r;l,pg ,;r.g]", "gd", ""]
null
["", ";p,l.r;l,pg ,;r.g]", "gd", ""]
=== 11 ===
["", ";p,l.r;l,pg ,;r.g]", "", ""]
null
["", ";p,l.r;l,pg ,;r.g]", "", ""]
=== 12 ===
["", ";p,l.r;l,pg ,;r.g]", "dd", ""]
["", "", ""]
["", ";p,l.r;l,pg ,;r.g]", "dd", ""]
=== 13 ===
["", ";p,l.r;l,pg ,;r.g]", "pfxxntl", ""]
null
["", ";p,l.r;l,pg ,;r.g]", "pfxxntl", ""]
=== 14 ===
["", ";p,l.r;l,pg ,;r.g]", "lrueubj", ""]
null
["", ";p,l.r;l,pg ,;r.g]", "lrueubj", ""]
=== 15 ===
["", ";p,l.r;l,pg ,;r.g]", "", ""]
null
["", ";p,l.r;l,pg ,;r.g]", "", ""]
=== 16 ===
["", ";p,l.r;l,pg ,;r.g]", "nt", ""]
null
["", ";p,l.r;l,pg ,;r.g]", "nt", ""]
=== 17 ===
["", ";p,l.r;l,pg ,;r.g]", "f", ""]
null
["", ";p,l.r;l,pg ,;r.g]", "f", ""]
=== 18 ===
["", ";p,l.r;l,pg ,;r.g]", "piyz", ""]
["", "", "", ""]
["", ";p,l.r;l,pg ,;r.g]", "piyz", ""]
=== 19 ===
["", ";p,l.r;l,pg ,;r.g]", "uqwjg", ""]
null
["", ";p,l.r;l,pg ,;r.g]", "uqwjg", ""]
=== 20 ===
["", ";p,l.r;l,pg ,;r.g]", "pceyt", ""]
[]
["", ";p,l.r;l,pg ,;r.g]", "pceyt", ""]
=== 21 ===
["", ";p,l.r;l,pg ,;r.g]", "yvhff", ""]
null
["", ";p,l.r;l,pg ,;r.g]", "yvhff", ""]
=== 22 ===
["", ";p,l.r;l,pg ,;r.g]", "d", ""]
null
["", ";p,l.r;l,pg ,;r.g]", "d", ""]
=== 23 ===
["", ";p,l.r;l,pg ,;r.g]", "bhvc", ""]
["", ""]
["", ";p,l.r;l,pg ,;r.g]", "bhvc", ""]
=== 24 ===
["", ";p,l.r;l,pg ,;r.g]", "uyepkq", ""]
null
["", ";p,l.r;l,pg ,;r.g]", "uyepkq", ""]
=== 25 ===
["", ";p,l.r;l,pg ,;r.g]", "vyywbwdv", ""]
[]
["", ";p,l.r;l,pg ,;r.g]", "vyywbwdv", ""]
=== 26 ===
["", ";p,l.r;l,pg ,;r.g]", "gowoyoz", ""]
["", "", "", ""]
["", ";p,l.r;l,pg ,;r.g]", "gowoyoz", ""]
=== 27 ===
["", ";p,l.r;l,pg ,;r.g]", "pu", ""]
["", "", ""]
["", ";p,l.r;l,pg ,;r.g]", "pu", ""]
=== 28 ===
["", ";p,l.r;l,pg ,;r.g]", "yiaeg", ""]
null
["", ";p,l.r;l,pg ,;r.g]", "yiaeg", ""]
=== 29 ===
["", ";p,l.r;l,pg ,;r.g]", "", ""]
[""]
["", ";p,l.r;l,pg ,;r.g]", "", ""]
=== 30 ===
["", ";p,l.r;l,pg ,;r.g]", "t", ""]
["", "", "", ""]
["", ";p,l.r;l,pg ,;r.g]", "t", ""]
=== 31 ===
["", ";p,l.r;l,pg ,;r.g]", "cm", ""]
["", ""]
["", ";p,l.r;l,pg ,;r.g]", "cm", ""]
=== 32 ===
["", ";p,l.r;l,pg ,;r.g]", "wu", ""]
null
["", ";p,l.r;l,pg ,;r.g]", "wu", ""]
=== 33 ===
["", ";p,l.r;l,pg ,;r.g]", "pyqf", ""]
null
["", ";p,l.r;l,pg ,;r.g]", "pyqf", ""]
=== 34 ===
["", ";p,l.r;l,pg ,;r.g]", "uo", ""]
[]
["", ";p,l.r;l,pg ,;r.g]", "uo", ""]
