=== 0 ===
637814517
-835372383
=== 1 ===
-505161504
-835372383
=== 2 ===
-77649529
-835372383
=== 3 ===
-344167756
-835372383
=== 4 ===
611737471
-835372383
=== 5 ===
581660230
-835372383
=== 6 ===
-2133568671
-835372383
=== 7 ===
955706221
-835372383
=== 8 ===
1594835534
-835372383
=== 9 ===
76468075
-835372383
=== 10 ===
-751692142
-835372383
=== 11 ===
-101072089
-835372383
=== 12 ===
1419153491
-835372383
=== 13 ===
-1789832167
-835372383
=== 14 ===
-773262680
-835372383
=== 15 ===
-1290064423
-835372383
=== 16 ===
-866817858
-835372383
=== 17 ===
-942739537
-835372383
=== 18 ===
495416385
-835372383
=== 19 ===
-324976514
-835372383
=== 20 ===
1177381477
-835372383
=== 21 ===
-1711022489
-835372383
=== 22 ===
1402509466
-835372383
=== 23 ===
851651448
-835372383
=== 24 ===
380503616
-835372383
=== 25 ===
391790317
-835372383
=== 26 ===
124799369
-835372383
=== 27 ===
701522207
-835372383
=== 28 ===
1543409324
-835372383
=== 29 ===
1354055941
-835372383
=== 30 ===
525603133
-835372383
=== 31 ===
1539683686
-835372383
=== 32 ===
-950365904
-835372383
=== 33 ===
-1096685301
-835372383
=== 34 ===
1078005781
-835372383
