=== 0 ===
["", ";p,l.r;l,pg ,;r.g]", "mtshj", ""]
["", "", "", ""]
["", ";p,l.r;l,pg ,;r.g]", "mtshj", ""]
=== 1 ===
["", ";p,l.r;l,pg ,;r.g]", "coxfcqau", ""]
["", "", ""]
["", ";p,l.r;l,pg ,;r.g]", "coxfcqau", ""]
=== 2 ===
["", ";p,l.r;l,pg ,;r.g]", "movsx", ""]
null
["", ";p,l.r;l,pg ,;r.g]", "movsx", ""]
=== 3 ===
["", ";p,l.r;l,pg ,;r.g]", "rzzb", ""]
[]
["", ";p,l.r;l,pg ,;r.g]", "rzzb", ""]
=== 4 ===
["", ";p,l.r;l,pg ,;r.g]", "lt", ""]
[""]
["", ";p,l.r;l,pg ,;r.g]", "lt", ""]
=== 5 ===
["", ";p,l.r;l,pg ,;r.g]", "mpmwyfx", ""]
[]
["", ";p,l.r;l,pg ,;r.g]", "mpmwyfx", ""]
=== 6 ===
["", ";p,l.r;l,pg ,;r.g]", "n", ""]
null
["", ";p,l.r;l,pg ,;r.g]", "n", ""]
=== 7 ===
["", ";p,l.r;l,pg ,;r.g]", "v", ""]
["", "", "", ""]
["", ";p,l.r;l,pg ,;r.g]", "v", ""]
=== 8 ===
["", ";p,l.r;l,pg ,;r.g]", "h", ""]
null
["", ";p,l.r;l,pg ,;r.g]", "h", ""]
=== 9 ===
["", ";p,l.r;l,pg ,;r.g]", "nlvn", ""]
[""]
["", ";p,l.r;l,pg ,;r.g]", "nlvn", ""]
=== 10 ===
["", ";p,l.r;l,pg ,;r.g]", "edyot", ""]
null
["", ";p,l.r;l,pg ,;r.g]", "edyot", ""]
=== 11 ===
["", ";p,l.r;l,pg ,;r.g]", "kkfdatlw", ""]
null
["", ";p,l.r;l,pg ,;r.g]", "kkfdatlw", ""]
=== 12 ===
["", ";p,l.r;l,pg ,;r.g]", "etggek", ""]
[]
["", ";p,l.r;l,pg ,;r.g]", "etggek", ""]
=== 13 ===
["", ";p,l.r;l,pg ,;r.g]", "nd", ""]
["", ""]
["", ";p,l.r;l,pg ,;r.g]", "nd", ""]
=== 14 ===
["", ";p,l.r;l,pg ,;r.g]", "nv", ""]
[]
["", ";p,l.r;l,pg ,;r.g]", "nv", ""]
=== 15 ===
["", ";p,l.r;l,pg ,;r.g]", "", ""]
[]
["", ";p,l.r;l,pg ,;r.g]", "", ""]
=== 16 ===
["", ";p,l.r;l,pg ,;r.g]", "wx", ""]
["", ""]
["", ";p,l.r;l,pg ,;r.g]", "wx", ""]
=== 17 ===
["", ";p,l.r;l,pg ,;r.g]", "kcoqlao", ""]
["", ""]
["", ";p,l.r;l,pg ,;r.g]", "kcoqlao", ""]
=== 18 ===
["", ";p,l.r;l,pg ,;r.g]", "h", ""]
[""]
["", ";p,l.r;l,pg ,;r.g]", "h", ""]
=== 19 ===
["", ";p,l.r;l,pg ,;r.g]", "af", ""]
null
["", ";p,l.r;l,pg ,;r.g]", "af", ""]
=== 20 ===
["", ";p,l.r;l,pg ,;r.g]", "c", ""]
null
["", ";p,l.r;l,pg ,;r.g]", "c", ""]
=== 21 ===
["", ";p,l.r;l,pg ,;r.g]", "kds", ""]
["", ""]
["", ";p,l.r;l,pg ,;r.g]", "kds", ""]
=== 22 ===
["", ";p,l.r;l,pg ,;r.g]", "wiles", ""]
[]
["", ";p,l.r;l,pg ,;r.g]", "wiles", ""]
=== 23 ===
["", ";p,l.r;l,pg ,;r.g]", "cqpou", ""]
null
["", ";p,l.r;l,pg ,;r.g]", "cqpou", ""]
=== 24 ===
["", ";p,l.r;l,pg ,;r.g]", "sdtm", ""]
null
["", ";p,l.r;l,pg ,;r.g]", "sdtm", ""]
=== 25 ===
["", ";p,l.r;l,pg ,;r.g]", "kxbmfwn", ""]
null
["", ";p,l.r;l,pg ,;r.g]", "kxbmfwn", ""]
=== 26 ===
["", ";p,l.r;l,pg ,;r.g]", "dxpev", ""]
null
["", ";p,l.r;l,pg ,;r.g]", "dxpev", ""]
=== 27 ===
["", ";p,l.r;l,pg ,;r.g]", "qo", ""]
null
["", ";p,l.r;l,pg ,;r.g]", "qo", ""]
=== 28 ===
["", ";p,l.r;l,pg ,;r.g]", "g", ""]
null
["", ";p,l.r;l,pg ,;r.g]", "g", ""]
=== 29 ===
["", ";p,l.r;l,pg ,;r.g]", "ygg", ""]
["", ""]
["", ";p,l.r;l,pg ,;r.g]", "ygg", ""]
=== 30 ===
["", ";p,l.r;l,pg ,;r.g]", "bsgpizt", ""]
null
["", ";p,l.r;l,pg ,;r.g]", "bsgpizt", ""]
=== 31 ===
["", ";p,l.r;l,pg ,;r.g]", "pz", ""]
null
["", ";p,l.r;l,pg ,;r.g]", "pz", ""]
=== 32 ===
["", ";p,l.r;l,pg ,;r.g]", "ybtf", ""]
["", "", ""]
["", ";p,l.r;l,pg ,;r.g]", "ybtf", ""]
=== 33 ===
["", ";p,l.r;l,pg ,;r.g]", "z", ""]
["", "", ""]
["", ";p,l.r;l,pg ,;r.g]", "z", ""]
=== 34 ===
["", ";p,l.r;l,pg ,;r.g]", "ucphq", ""]
null
["", ";p,l.r;l,pg ,;r.g]", "ucphq", ""]
