=== 0 ===
{s: ;p,l.r;l,pg ,;r.g], ss: nqeahur}
{s: , ss: }
null
{s: ;p,l.r;l,pg ,;r.g], ss: nqeahur}
=== 1 ===
{s: ;p,l.r;l,pg ,;r.g], ss: k}
{s: , ss: }
null
{s: ;p,l.r;l,pg ,;r.g], ss: k}
=== 2 ===
{s: ;p,l.r;l,pg ,;r.g], ss: xcqqtw}
{s: , ss: }
null
{s: ;p,l.r;l,pg ,;r.g], ss: xcqqtw}
=== 3 ===
{s: ;p,l.r;l,pg ,;r.g], ss: ygyjomqj}
{s: , ss: }
null
{s: ;p,l.r;l,pg ,;r.g], ss: ygyjomqj}
=== 4 ===
{s: ;p,l.r;l,pg ,;r.g], ss: }
{s: , ss: }
{s: , ss: }
{s: ;p,l.r;l,pg ,;r.g], ss: }
=== 5 ===
{s: ;p,l.r;l,pg ,;r.g], ss: }
{s: , ss: }
{s: , ss: }
{s: ;p,l.r;l,pg ,;r.g], ss: }
=== 6 ===
{s: ;p,l.r;l,pg ,;r.g], ss: }
{s: , ss: }
null
{s: ;p,l.r;l,pg ,;r.g], ss: }
=== 7 ===
{s: ;p,l.r;l,pg ,;r.g], ss: vxpsfhpy}
{s: , ss: }
null
{s: ;p,l.r;l,pg ,;r.g], ss: vxpsfhpy}
=== 8 ===
{s: ;p,l.r;l,pg ,;r.g], ss: cu}
{s: , ss: }
null
{s: ;p,l.r;l,pg ,;r.g], ss: cu}
=== 9 ===
{s: ;p,l.r;l,pg ,;r.g], ss: iefxlp}
{s: , ss: }
null
{s: ;p,l.r;l,pg ,;r.g], ss: iefxlp}
=== 10 ===
{s: ;p,l.r;l,pg ,;r.g], ss: fofjcxu}
{s: , ss: }
{s: , ss: }
{s: ;p,l.r;l,pg ,;r.g], ss: fofjcxu}
=== 11 ===
{s: ;p,l.r;l,pg ,;r.g], ss: byu}
{s: , ss: }
null
{s: ;p,l.r;l,pg ,;r.g], ss: byu}
=== 12 ===
{s: ;p,l.r;l,pg ,;r.g], ss: sfvxfbbz}
{s: , ss: }
{s: , ss: }
{s: ;p,l.r;l,pg ,;r.g], ss: sfvxfbbz}
=== 13 ===
{s: ;p,l.r;l,pg ,;r.g], ss: yv}
{s: , ss: }
{s: , ss: }
{s: ;p,l.r;l,pg ,;r.g], ss: yv}
=== 14 ===
{s: ;p,l.r;l,pg ,;r.g], ss: yosvl}
{s: , ss: }
null
{s: ;p,l.r;l,pg ,;r.g], ss: yosvl}
=== 15 ===
{s: ;p,l.r;l,pg ,;r.g], ss: fwqdif}
{s: , ss: }
{s: , ss: }
{s: ;p,l.r;l,pg ,;r.g], ss: fwqdif}
=== 16 ===
{s: ;p,l.r;l,pg ,;r.g], ss: rhqjsjmw}
{s: , ss: }
null
{s: ;p,l.r;l,pg ,;r.g], ss: rhqjsjmw}
=== 17 ===
{s: ;p,l.r;l,pg ,;r.g], ss: lavmugm}
{s: , ss: }
null
{s: ;p,l.r;l,pg ,;r.g], ss: lavmugm}
=== 18 ===
{s: ;p,l.r;l,pg ,;r.g], ss: mwfuawd}
{s: , ss: }
null
{s: ;p,l.r;l,pg ,;r.g], ss: mwfuawd}
=== 19 ===
{s: ;p,l.r;l,pg ,;r.g], ss: gscyc}
{s: , ss: }
null
{s: ;p,l.r;l,pg ,;r.g], ss: gscyc}
=== 20 ===
{s: ;p,l.r;l,pg ,;r.g], ss: aryf}
{s: , ss: }
null
{s: ;p,l.r;l,pg ,;r.g], ss: aryf}
=== 21 ===
{s: ;p,l.r;l,pg ,;r.g], ss: dcwcn}
{s: , ss: }
null
{s: ;p,l.r;l,pg ,;r.g], ss: dcwcn}
=== 22 ===
{s: ;p,l.r;l,pg ,;r.g], ss: }
{s: , ss: }
null
{s: ;p,l.r;l,pg ,;r.g], ss: }
=== 23 ===
{s: ;p,l.r;l,pg ,;r.g], ss: e}
{s: , ss: }
null
{s: ;p,l.r;l,pg ,;r.g], ss: e}
=== 24 ===
{s: ;p,l.r;l,pg ,;r.g], ss: kyzbq}
{s: , ss: }
{s: , ss: }
{s: ;p,l.r;l,pg ,;r.g], ss: kyzbq}
=== 25 ===
{s: ;p,l.r;l,pg ,;r.g], ss: zmgkae}
{s: , ss: }
{s: , ss: }
{s: ;p,l.r;l,pg ,;r.g], ss: zmgkae}
=== 26 ===
{s: ;p,l.r;l,pg ,;r.g], ss: bk}
{s: , ss: }
null
{s: ;p,l.r;l,pg ,;r.g], ss: bk}
=== 27 ===
{s: ;p,l.r;l,pg ,;r.g], ss: }
{s: , ss: }
null
{s: ;p,l.r;l,pg ,;r.g], ss: }
=== 28 ===
{s: ;p,l.r;l,pg ,;r.g], ss: bv}
{s: , ss: }
{s: , ss: }
{s: ;p,l.r;l,pg ,;r.g], ss: bv}
=== 29 ===
{s: ;p,l.r;l,pg ,;r.g], ss: sncxec}
{s: , ss: }
null
{s: ;p,l.r;l,pg ,;r.g], ss: sncxec}
=== 30 ===
{s: ;p,l.r;l,pg ,;r.g], ss: mrnebs}
{s: , ss: }
null
{s: ;p,l.r;l,pg ,;r.g], ss: mrnebs}
=== 31 ===
{s: ;p,l.r;l,pg ,;r.g], ss: }
{s: , ss: }
{s: , ss: }
{s: ;p,l.r;l,pg ,;r.g], ss: }
=== 32 ===
{s: ;p,l.r;l,pg ,;r.g], ss: qxpr}
{s: , ss: }
{s: , ss: }
{s: ;p,l.r;l,pg ,;r.g], ss: qxpr}
=== 33 ===
{s: ;p,l.r;l,pg ,;r.g], ss: zzvokds}
{s: , ss: }
{s: , ss: }
{s: ;p,l.r;l,pg ,;r.g], ss: zzvokds}
=== 34 ===
{s: ;p,l.r;l,pg ,;r.g], ss: iylvpbuf}
{s: , ss: }
null
{s: ;p,l.r;l,pg ,;r.g], ss: iylvpbuf}
