=== 0 ===
-770133208
-835372383
=== 1 ===
138844637
-835372383
=== 2 ===
1816686039
-835372383
=== 3 ===
1323865095
-835372383
=== 4 ===
-1476143427
-835372383
=== 5 ===
445847661
-835372383
=== 6 ===
-526030313
-835372383
=== 7 ===
1317521054
-835372383
=== 8 ===
318718511
-835372383
=== 9 ===
957963586
-835372383
=== 10 ===
-1361291427
-835372383
=== 11 ===
2007651511
-835372383
=== 12 ===
142337927
-835372383
=== 13 ===
1603620082
-835372383
=== 14 ===
142430910
-835372383
=== 15 ===
1837117170
-835372383
=== 16 ===
-874598337
-835372383
=== 17 ===
-1030451017
-835372383
=== 18 ===
-784320068
-835372383
=== 19 ===
-46421217
-835372383
=== 20 ===
-1936713971
-835372383
=== 21 ===
2118108125
-835372383
=== 22 ===
1099840601
-835372383
=== 23 ===
-1997589090
-835372383
=== 24 ===
-557164438
-835372383
=== 25 ===
-1327840342
-835372383
=== 26 ===
1106213528
-835372383
=== 27 ===
-1582388581
-835372383
=== 28 ===
249900226
-835372383
=== 29 ===
790877800
-835372383
=== 30 ===
-1691602889
-835372383
=== 31 ===
-897862712
-835372383
=== 32 ===
-987838569
-835372383
=== 33 ===
-21468778
-835372383
=== 34 ===
1354621605
-835372383
