=== 0 ===
{s: ;p,l.r;l,pg ,;r.g], ss: k}
{s: , ss: }
{s: , ss: }
{s: ;p,l.r;l,pg ,;r.g], ss: k}
=== 1 ===
{s: ;p,l.r;l,pg ,;r.g], ss: wgnmuug}
{s: , ss: }
{s: , ss: }
{s: ;p,l.r;l,pg ,;r.g], ss: wgnmuug}
=== 2 ===
{s: ;p,l.r;l,pg ,;r.g], ss: fsvxfk}
{s: , ss: }
{s: , ss: }
{s: ;p,l.r;l,pg ,;r.g], ss: fsvxfk}
=== 3 ===
{s: ;p,l.r;l,pg ,;r.g], ss: nkvuihg}
{s: , ss: }
{s: , ss: }
{s: ;p,l.r;l,pg ,;r.g], ss: nkvuihg}
=== 4 ===
{s: ;p,l.r;l,pg ,;r.g], ss: tnywje}
{s: , ss: }
null
{s: ;p,l.r;l,pg ,;r.g], ss: tnywje}
=== 5 ===
{s: ;p,l.r;l,pg ,;r.g], ss: bmj}
{s: , ss: }
{s: , ss: }
{s: ;p,l.r;l,pg ,;r.g], ss: bmj}
=== 6 ===
{s: ;p,l.r;l,pg ,;r.g], ss: olupgeh}
{s: , ss: }
{s: , ss: }
{s: ;p,l.r;l,pg ,;r.g], ss: olupgeh}
=== 7 ===
{s: ;p,l.r;l,pg ,;r.g], ss: h}
{s: , ss: }
{s: , ss: }
{s: ;p,l.r;l,pg ,;r.g], ss: h}
=== 8 ===
{s: ;p,l.r;l,pg ,;r.g], ss: fossbndd}
{s: , ss: }
{s: , ss: }
{s: ;p,l.r;l,pg ,;r.g], ss: fossbndd}
=== 9 ===
{s: ;p,l.r;l,pg ,;r.g], ss: hkx}
{s: , ss: }
null
{s: ;p,l.r;l,pg ,;r.g], ss: hkx}
=== 10 ===
{s: ;p,l.r;l,pg ,;r.g], ss: i}
{s: , ss: }
{s: , ss: }
{s: ;p,l.r;l,pg ,;r.g], ss: i}
=== 11 ===
{s: ;p,l.r;l,pg ,;r.g], ss: auojjz}
{s: , ss: }
null
{s: ;p,l.r;l,pg ,;r.g], ss: auojjz}
=== 12 ===
{s: ;p,l.r;l,pg ,;r.g], ss: }
{s: , ss: }
null
{s: ;p,l.r;l,pg ,;r.g], ss: }
=== 13 ===
{s: ;p,l.r;l,pg ,;r.g], ss: mmtu}
{s: , ss: }
null
{s: ;p,l.r;l,pg ,;r.g], ss: mmtu}
=== 14 ===
{s: ;p,l.r;l,pg ,;r.g], ss: vqxfq}
{s: , ss: }
null
{s: ;p,l.r;l,pg ,;r.g], ss: vqxfq}
=== 15 ===
{s: ;p,l.r;l,pg ,;r.g], ss: pwpi}
{s: , ss: }
null
{s: ;p,l.r;l,pg ,;r.g], ss: pwpi}
=== 16 ===
{s: ;p,l.r;l,pg ,;r.g], ss: yrlsxzp}
{s: , ss: }
null
{s: ;p,l.r;l,pg ,;r.g], ss: yrlsxzp}
=== 17 ===
{s: ;p,l.r;l,pg ,;r.g], ss: nxg}
{s: , ss: }
null
{s: ;p,l.r;l,pg ,;r.g], ss: nxg}
=== 18 ===
{s: ;p,l.r;l,pg ,;r.g], ss: llzah}
{s: , ss: }
null
{s: ;p,l.r;l,pg ,;r.g], ss: llzah}
=== 19 ===
{s: ;p,l.r;l,pg ,;r.g], ss: ml}
{s: , ss: }
{s: , ss: }
{s: ;p,l.r;l,pg ,;r.g], ss: ml}
=== 20 ===
{s: ;p,l.r;l,pg ,;r.g], ss: aiuoegb}
{s: , ss: }
null
{s: ;p,l.r;l,pg ,;r.g], ss: aiuoegb}
=== 21 ===
{s: ;p,l.r;l,pg ,;r.g], ss: tudwmp}
{s: , ss: }
{s: , ss: }
{s: ;p,l.r;l,pg ,;r.g], ss: tudwmp}
=== 22 ===
{s: ;p,l.r;l,pg ,;r.g], ss: xvvbwi}
{s: , ss: }
{s: , ss: }
{s: ;p,l.r;l,pg ,;r.g], ss: xvvbwi}
=== 23 ===
{s: ;p,l.r;l,pg ,;r.g], ss: r}
{s: , ss: }
{s: , ss: }
{s: ;p,l.r;l,pg ,;r.g], ss: r}
=== 24 ===
{s: ;p,l.r;l,pg ,;r.g], ss: acr}
{s: , ss: }
{s: , ss: }
{s: ;p,l.r;l,pg ,;r.g], ss: acr}
=== 25 ===
{s: ;p,l.r;l,pg ,;r.g], ss: ps}
{s: , ss: }
null
{s: ;p,l.r;l,pg ,;r.g], ss: ps}
=== 26 ===
{s: ;p,l.r;l,pg ,;r.g], ss: hkh}
{s: , ss: }
null
{s: ;p,l.r;l,pg ,;r.g], ss: hkh}
=== 27 ===
{s: ;p,l.r;l,pg ,;r.g], ss: u}
{s: , ss: }
{s: , ss: }
{s: ;p,l.r;l,pg ,;r.g], ss: u}
=== 28 ===
{s: ;p,l.r;l,pg ,;r.g], ss: p}
{s: , ss: }
{s: , ss: }
{s: ;p,l.r;l,pg ,;r.g], ss: p}
=== 29 ===
{s: ;p,l.r;l,pg ,;r.g], ss: ji}
{s: , ss: }
{s: , ss: }
{s: ;p,l.r;l,pg ,;r.g], ss: ji}
=== 30 ===
{s: ;p,l.r;l,pg ,;r.g], ss: zuricnyr}
{s: , ss: }
null
{s: ;p,l.r;l,pg ,;r.g], ss: zuricnyr}
=== 31 ===
{s: ;p,l.r;l,pg ,;r.g], ss: q}
{s: , ss: }
{s: , ss: }
{s: ;p,l.r;l,pg ,;r.g], ss: q}
=== 32 ===
{s: ;p,l.r;l,pg ,;r.g], ss: nca}
{s: , ss: }
null
{s: ;p,l.r;l,pg ,;r.g], ss: nca}
=== 33 ===
{s: ;p,l.r;l,pg ,;r.g], ss: o}
{s: , ss: }
null
{s: ;p,l.r;l,pg ,;r.g], ss: o}
=== 34 ===
{s: ;p,l.r;l,pg ,;r.g], ss: osr}
{s: , ss: }
null
{s: ;p,l.r;l,pg ,;r.g], ss: osr}
