=== 0 ===
gzp
atoh  tohe os
=== 1 ===
nxpt
atoh  tohe os
=== 2 ===
oo
atoh  tohe os
=== 3 ===
oqlxten
atoh  tohe os
=== 4 ===
hsr
atoh  tohe os
=== 5 ===
mtdt
atoh  tohe os
=== 6 ===
dao
atoh  tohe os
=== 7 ===
bynm
atoh  tohe os
=== 8 ===
t
atoh  tohe os
=== 9 ===
gpeabl
atoh  tohe os
=== 10 ===
hc
atoh  tohe os
=== 11 ===
i
atoh  tohe os
=== 12 ===
eikvg
atoh  tohe os
=== 13 ===
of
atoh  tohe os
=== 14 ===

atoh  tohe os
=== 15 ===
bctvwdl
atoh  tohe os
=== 16 ===
xk
atoh  tohe os
=== 17 ===

atoh  tohe os
=== 18 ===
hasy
atoh  tohe os
=== 19 ===
yrjqbrq
atoh  tohe os
=== 20 ===
mysxyn
atoh  tohe os
=== 21 ===
yynkv
atoh  tohe os
=== 22 ===
jzo
atoh  tohe os
=== 23 ===

atoh  tohe os
=== 24 ===
bvjqqmfl
atoh  tohe os
=== 25 ===
fvso
atoh  tohe os
=== 26 ===
o
atoh  tohe os
=== 27 ===
eilc
atoh  tohe os
=== 28 ===
q
atoh  tohe os
=== 29 ===
wzjed
atoh  tohe os
=== 30 ===
bxlqot
atoh  tohe os
=== 31 ===
lk
atoh  tohe os
=== 32 ===
gzt
atoh  tohe os
=== 33 ===
r
atoh  tohe os
=== 34 ===
nfzz
atoh  tohe os
